{"meta": {"format": 3, "version": "7.11.3", "timestamp": "2025-11-19T13:51:57.858207", "branch_coverage": false, "show_contexts": false}, "files": {"app.py": {"executed_lines": [2, 3, 4, 5, 10, 11, 12, 13, 14, 16, 17, 18, 23, 25, 26, 27, 28, 29, 30, 31, 32, 33, 34, 35, 38, 43, 44, 46, 47, 48, 49, 50, 51, 52, 53, 54, 56, 57, 59, 60, 61, 62, 63, 64, 65, 66, 67, 69, 70, 71, 72, 77, 78, 81, 82, 84, 85, 86, 87, 88, 89, 91, 92, 93, 94, 95, 96, 97, 99, 100, 101, 102, 103, 108, 109, 110, 112, 115, 116, 118, 119, 120, 122, 123, 124, 126, 127, 132, 133, 134, 136, 137, 138, 139, 141, 143, 144, 147, 148, 149, 150, 151, 152, 154, 155, 156, 158, 159, 160, 161, 163, 165, 166, 167, 168, 169, 170, 172, 177, 178, 179, 184, 185, 186, 187, 188, 189, 191, 192, 193, 195, 200, 201, 202, 203, 204, 205, 208, 209, 210, 211, 212, 214, 215, 216, 218, 223, 224, 225, 228, 229, 230, 231, 232, 237, 238, 239, 242, 244, 245, 250, 251, 252, 257, 262, 263, 264, 266, 267, 268, 271, 272, 277, 278, 279, 284, 285, 290, 291, 298, 299, 301, 302, 303, 304, 307, 316], "summary": {"covered_lines": 187, "num_statements": 194, "percent_covered": 96.3917525773196, "percent_covered_display": "96", "missing_lines": 7, "excluded_lines": 0}, "missing_lines": [79, 113, 145, 162, 308, 317, 318], "excluded_lines": [], "functions": {"ClientRepository.get_all_clients": {"executed_lines": [], "summary": {"covered_lines": 0, "num_statements": 1, "percent_covered": 0.0, "percent_covered_display": "0", "missing_lines": 1, "excluded_lines": 0}, "missing_lines": [79], "excluded_lines": []}, "ClientRepository.get_client_by_id": {"executed_lines": [82], "summary": {"covered_lines": 1, "num_statements": 1, "percent_covered": 100.0, "percent_covered_display": "100", "missing_lines": 0, "excluded_lines": 0}, "missing_lines": [], "excluded_lines": []}, "ClientRepository.create_client": {"executed_lines": [85, 86, 87, 88, 89], "summary": {"covered_lines": 5, "num_statements": 5, "percent_covered": 100.0, "percent_covered_display": "100", "missing_lines": 0, "excluded_lines": 0}, "missing_lines": [], "excluded_lines": []}, "ClientRepository.patch_client": {"executed_lines": [92, 93, 94, 95, 96, 97], "summary": {"covered_lines": 6, "num_statements": 6, "percent_covered": 100.0, "percent_covered_display": "100", "missing_lines": 0, "excluded_lines": 0}, "missing_lines": [], "excluded_lines": []}, "ClientRepository.delete_client": {"executed_lines": [100, 101, 102, 103], "summary": {"covered_lines": 4, "num_statements": 4, "percent_covered": 100.0, "percent_covered_display": "100", "missing_lines": 0, "excluded_lines": 0}, "missing_lines": [], "excluded_lines": []}, "ClientService.__init__": {"executed_lines": [110], "summary": {"covered_lines": 1, "num_statements": 1, "percent_covered": 100.0, "percent_covered_display": "100", "missing_lines": 0, "excluded_lines": 0}, "missing_lines": [], "excluded_lines": []}, "ClientService.get_all_clients": {"executed_lines": [], "summary": {"covered_lines": 0, "num_statements": 1, "percent_covered": 0.0, "percent_covered_display": "0", "missing_lines": 1, "excluded_lines": 0}, "missing_lines": [113], "excluded_lines": []}, "ClientService.get_client_by_id": {"executed_lines": [116], "summary": {"covered_lines": 1, "num_statements": 1, "percent_covered": 100.0, "percent_covered_display": "100", "missing_lines": 0, "excluded_lines": 0}, "missing_lines": [], "excluded_lines": []}, "ClientService.create_client": {"executed_lines": [119, 120], "summary": {"covered_lines": 2, "num_statements": 2, "percent_covered": 100.0, "percent_covered_display": "100", "missing_lines": 0, "excluded_lines": 0}, "missing_lines": [], "excluded_lines": []}, "ClientService.patch_client": {"executed_lines": [123, 124], "summary": {"covered_lines": 2, "num_statements": 2, "percent_covered": 100.0, "percent_covered_display": "100", "missing_lines": 0, "excluded_lines": 0}, "missing_lines": [], "excluded_lines": []}, "ClientService.delete_client": {"executed_lines": [127], "summary": {"covered_lines": 1, "num_statements": 1, "percent_covered": 100.0, "percent_covered_display": "100", "missing_lines": 0, "excluded_lines": 0}, "missing_lines": [], "excluded_lines": []}, "get_db": {"executed_lines": [137, 138, 139, 141], "summary": {"covered_lines": 4, "num_statements": 4, "percent_covered": 100.0, "percent_covered_display": "100", "missing_lines": 0, "excluded_lines": 0}, "missing_lines": [], "excluded_lines": []}, "get_clients": {"executed_lines": [], "summary": {"covered_lines": 0, "num_statements": 1, "percent_covered": 0.0, "percent_covered_display": "0", "missing_lines": 1, "excluded_lines": 0}, "missing_lines": [145], "excluded_lines": []}, "get_client": {"executed_lines": [149, 150, 151, 152], "summary": {"covered_lines": 4, "num_statements": 4, "percent_covered": 100.0, "percent_covered_display": "100", "missing_lines": 0, "excluded_lines": 0}, "missing_lines": [], "excluded_lines": []}, "create_client": {"executed_lines": [156], "summary": {"covered_lines": 1, "num_statements": 1, "percent_covered": 100.0, "percent_covered_display": "100", "missing_lines": 0, "excluded_lines": 0}, "missing_lines": [], "excluded_lines": []}, "patch_client": {"executed_lines": [160, 161, 163], "summary": {"covered_lines": 3, "num_statements": 4, "percent_covered": 75.0, "percent_covered_display": "75", "missing_lines": 1, "excluded_lines": 0}, "missing_lines": [162], "excluded_lines": []}, "delete_client": {"executed_lines": [167, 168, 169, 170], "summary": {"covered_lines": 4, "num_statements": 4, "percent_covered": 100.0, "percent_covered_display": "100", "missing_lines": 0, "excluded_lines": 0}, "missing_lines": [], "excluded_lines": []}, "root": {"executed_lines": [179], "summary": {"covered_lines": 1, "num_statements": 1, "percent_covered": 100.0, "percent_covered_display": "100", "missing_lines": 0, "excluded_lines": 0}, "missing_lines": [], "excluded_lines": []}, "test_root": {"executed_lines": [185, 186, 187, 188, 189], "summary": {"covered_lines": 5, "num_statements": 5, "percent_covered": 100.0, "percent_covered_display": "100", "missing_lines": 0, "excluded_lines": 0}, "missing_lines": [], "excluded_lines": []}, "test_create_and_get_client": {"executed_lines": [192, 193, 195, 200, 201, 202, 203, 204, 205, 208, 209, 210, 211, 212], "summary": {"covered_lines": 14, "num_statements": 14, "percent_covered": 100.0, "percent_covered_display": "100", "missing_lines": 0, "excluded_lines": 0}, "missing_lines": [], "excluded_lines": []}, "test_patch_client": {"executed_lines": [215, 216, 218, 223, 224, 225, 228, 229, 230, 231, 232], "summary": {"covered_lines": 11, "num_statements": 11, "percent_covered": 100.0, "percent_covered_display": "100", "missing_lines": 0, "excluded_lines": 0}, "missing_lines": [], "excluded_lines": []}, "test_get_nonexistent_client": {"executed_lines": [238, 239, 242, 244, 245], "summary": {"covered_lines": 5, "num_statements": 5, "percent_covered": 100.0, "percent_covered_display": "100", "missing_lines": 0, "excluded_lines": 0}, "missing_lines": [], "excluded_lines": []}, "test_delete_client_with_edge_and_error_cases": {"executed_lines": [251, 252, 257, 262, 263, 264, 266, 267, 268, 271, 272, 277, 278, 279, 284, 285, 290, 291, 298, 299, 301, 302, 303, 304, 307], "summary": {"covered_lines": 25, "num_statements": 26, "percent_covered": 96.15384615384616, "percent_covered_display": "96", "missing_lines": 1, "excluded_lines": 0}, "missing_lines": [308], "excluded_lines": []}, "": {"executed_lines": [2, 3, 4, 5, 10, 11, 12, 13, 14, 16, 17, 18, 23, 25, 26, 27, 28, 29, 30, 31, 32, 33, 34, 35, 38, 43, 44, 46, 47, 48, 49, 50, 51, 52, 53, 54, 56, 57, 59, 60, 61, 62, 63, 64, 65, 66, 67, 69, 70, 71, 72, 77, 78, 81, 84, 91, 99, 108, 109, 112, 115, 118, 122, 126, 132, 133, 134, 136, 143, 144, 147, 148, 154, 155, 158, 159, 165, 166, 172, 177, 178, 184, 191, 214, 237, 250, 316], "summary": {"covered_lines": 87, "num_statements": 89, "percent_covered": 97.75280898876404, "percent_covered_display": "98", "missing_lines": 2, "excluded_lines": 0}, "missing_lines": [317, 318], "excluded_lines": []}}, "classes": {"Client": {"executed_lines": [], "summary": {"covered_lines": 0, "num_statements": 0, "percent_covered": 100.0, "percent_covered_display": "100", "missing_lines": 0, "excluded_lines": 0}, "missing_lines": [], "excluded_lines": []}, "ClientBase": {"executed_lines": [], "summary": {"covered_lines": 0, "num_statements": 0, "percent_covered": 100.0, "percent_covered_display": "100", "missing_lines": 0, "excluded_lines": 0}, "missing_lines": [], "excluded_lines": []}, "ClientPost": {"executed_lines": [], "summary": {"covered_lines": 0, "num_statements": 0, "percent_covered": 100.0, "percent_covered_display": "100", "missing_lines": 0, "excluded_lines": 0}, "missing_lines": [], "excluded_lines": []}, "ClientPatch": {"executed_lines": [], "summary": {"covered_lines": 0, "num_statements": 0, "percent_covered": 100.0, "percent_covered_display": "100", "missing_lines": 0, "excluded_lines": 0}, "missing_lines": [], "excluded_lines": []}, "ClientInDB": {"executed_lines": [], "summary": {"covered_lines": 0, "num_statements": 0, "percent_covered": 100.0, "percent_covered_display": "100", "missing_lines": 0, "excluded_lines": 0}, "missing_lines": [], "excluded_lines": []}, "ClientInDB.Config": {"executed_lines": [], "summary": {"covered_lines": 0, "num_statements": 0, "percent_covered": 100.0, "percent_covered_display": "100", "missing_lines": 0, "excluded_lines": 0}, "missing_lines": [], "excluded_lines": []}, "ClientRepository": {"executed_lines": [82, 85, 86, 87, 88, 89, 92, 93, 94, 95, 96, 97, 100, 101, 102, 103], "summary": {"covered_lines": 16, "num_statements": 17, "percent_covered": 94.11764705882354, "percent_covered_display": "94", "missing_lines": 1, "excluded_lines": 0}, "missing_lines": [79], "excluded_lines": []}, "ClientService": {"executed_lines": [110, 116, 119, 120, 123, 124, 127], "summary": {"covered_lines": 7, "num_statements": 8, "percent_covered": 87.5, "percent_covered_display": "88", "missing_lines": 1, "excluded_lines": 0}, "missing_lines": [113], "excluded_lines": []}, "": {"executed_lines": [2, 3, 4, 5, 10, 11, 12, 13, 14, 16, 17, 18, 23, 25, 26, 27, 28, 29, 30, 31, 32, 33, 34, 35, 38, 43, 44, 46, 47, 48, 49, 50, 51, 52, 53, 54, 56, 57, 59, 60, 61, 62, 63, 64, 65, 66, 67, 69, 70, 71, 72, 77, 78, 81, 84, 91, 99, 108, 109, 112, 115, 118, 122, 126, 132, 133, 134, 136, 137, 138, 139, 141, 143, 144, 147, 148, 149, 150, 151, 152, 154, 155, 156, 158, 159, 160, 161, 163, 165, 166, 167, 168, 169, 170, 172, 177, 178, 179, 184, 185, 186, 187, 188, 189, 191, 192, 193, 195, 200, 201, 202, 203, 204, 205, 208, 209, 210, 211, 212, 214, 215, 216, 218, 223, 224, 225, 228, 229, 230, 231, 232, 237, 238, 239, 242, 244, 245, 250, 251, 252, 257, 262, 263, 264, 266, 267, 268, 271, 272, 277, 278, 279, 284, 285, 290, 291, 298, 299, 301, 302, 303, 304, 307, 316], "summary": {"covered_lines": 164, "num_statements": 169, "percent_covered": 97.0414201183432, "percent_covered_display": "97", "missing_lines": 5, "excluded_lines": 0}, "missing_lines": [145, 162, 308, 317, 318], "excluded_lines": []}}}}, "totals": {"covered_lines": 187, "num_statements": 194, "percent_covered": 96.3917525773196, "percent_covered_display": "96", "missing_lines": 7, "excluded_lines": 0}}